<?xml version="1.0" encoding="UTF-8"?>
<testsuite name="invoicegenerator.AppTest" tests="1" skipped="0" failures="0" errors="0" timestamp="2023-02-25T21:51:27" hostname="Ankurs-MacBook-Air.local" time="0.033">
  <properties/>
  <testcase name="appHasAGreeting()" classname="invoicegenerator.AppTest" time="0.033"/>
  <system-out><![CDATA[]]></system-out>
  <system-err><![CDATA[]]></system-err>
</testsuite>
